1
0.000000
0

2
0.000000
1
1.000000 1.000000 1.000000

2
2.785000
2
1.000000 1.000000 1.000000
1.000000 1.000000 1.500000

6
3.420000
2
1.000000 1.000000 0.500000
1.000000 0.000000 0.500000

12
4.410513
2
1.000000 1.000000 0.500000
1.000000 2.000000 0.000000

2
5.570000
2
1.000000 1.000000 0.500000
1.000000 1.000000 -0.500000

6
5.923614
2
1.000000 1.000000 0.500000
2.000000 0.000000 0.500000

12
6.536153
2
1.000000 1.000000 0.500000
2.000000 2.000000 1.500000

4
3.420000
3
1.000000 1.000000 0.500000
2.000000 1.000000 0.500000
1.000000 0.000000 0.500000

24
4.410513
3
1.000000 1.000000 0.500000
1.000000 1.000000 0.000000
1.000000 2.000000 0.000000

12
4.410513
3
1.000000 1.000000 0.500000
2.000000 2.000000 0.500000
1.000000 2.000000 0.000000

12
4.410513
3
1.000000 1.000000 0.500000
-0.000000 1.000000 0.500000
1.000000 2.000000 0.000000

2
5.570000
3
1.000000 1.000000 0.500000
1.000000 1.000000 0.000000
1.000000 1.000000 -0.500000

12
5.570000
3
1.000000 1.000000 0.500000
1.000000 2.000000 0.000000
1.000000 1.000000 -0.500000

12
5.923614
3
1.000000 1.000000 0.500000
1.000000 0.000000 0.500000
2.000000 0.000000 0.500000

24
5.923614
3
1.000000 1.000000 0.500000
1.000000 0.000000 0.000000
2.000000 0.000000 0.500000

4
5.923614
3
1.000000 1.000000 0.500000
0.000000 -1.000000 0.500000
2.000000 0.000000 0.500000

24
6.536153
3
1.000000 1.000000 0.500000
1.000000 1.000000 1.000000
2.000000 2.000000 1.500000

12
6.536153
3
1.000000 1.000000 0.500000
1.000000 2.000000 0.500000
2.000000 2.000000 1.500000

24
6.536153
3
1.000000 1.000000 0.500000
2.000000 2.000000 0.500000
2.000000 2.000000 1.500000

12
6.536153
3
1.000000 1.000000 0.500000
2.000000 1.000000 0.500000
2.000000 2.000000 1.500000

24
6.536153
3
1.000000 1.000000 0.500000
2.000000 1.000000 1.000000
2.000000 2.000000 1.500000

24
6.536153
3
1.000000 1.000000 0.500000
3.000000 2.000000 0.500000
2.000000 2.000000 1.500000

6
4.410513
4
1.000000 1.000000 0.500000
1.000000 1.000000 0.000000
1.000000 2.000000 0.500000
1.000000 2.000000 0.000000

12
4.410513
4
1.000000 1.000000 0.500000
2.000000 2.000000 0.500000
1.000000 2.000000 0.500000
1.000000 2.000000 0.000000

12
4.410513
4
1.000000 1.000000 0.500000
-0.000000 1.000000 0.500000
1.000000 2.000000 0.500000
1.000000 2.000000 0.000000

12
4.410513
4
1.000000 1.000000 0.500000
1.000000 1.000000 0.000000
2.000000 2.000000 0.500000
1.000000 2.000000 0.000000

12
4.410513
4
1.000000 1.000000 0.500000
1.000000 1.000000 0.000000
-0.000000 1.000000 0.500000
1.000000 2.000000 0.000000

